<?xml version="1.0" encoding="UTF-8"?>
<testsuite xmlns:xsi="http://www.w3.org/2001/XMLSchema-instance" xsi:noNamespaceSchemaLocation="https://maven.apache.org/surefire/maven-surefire-plugin/xsd/surefire-test-report.xsd" name="com.jpranin.calculator.CalculatorControllerTest" time="3.517" tests="11" errors="0" skipped="0" failures="0">
  <properties>
    <property name="gopherProxySet" value="false"/>
    <property name="awt.toolkit" value="sun.lwawt.macosx.LWCToolkit"/>
    <property name="java.specification.version" value="10"/>
    <property name="file.encoding.pkg" value="sun.io"/>
    <property name="sun.cpu.isalist" value=""/>
    <property name="sun.jnu.encoding" value="UTF-8"/>
    <property name="java.class.path" value="/Users/jeanette.pranin@ibm.com/Desktop/JavaSpringBoot/springbootstarter-calculator/target/test-classes:/Users/jeanette.pranin@ibm.com/Desktop/JavaSpringBoot/springbootstarter-calculator/target/classes:/Users/jeanette.pranin@ibm.com/.m2/repository/org/springframework/boot/spring-boot-starter-web/2.0.3.RELEASE/spring-boot-starter-web-2.0.3.RELEASE.jar:/Users/jeanette.pranin@ibm.com/.m2/repository/org/springframework/boot/spring-boot-starter/2.0.3.RELEASE/spring-boot-starter-2.0.3.RELEASE.jar:/Users/jeanette.pranin@ibm.com/.m2/repository/org/springframework/boot/spring-boot-starter-logging/2.0.3.RELEASE/spring-boot-starter-logging-2.0.3.RELEASE.jar:/Users/jeanette.pranin@ibm.com/.m2/repository/ch/qos/logback/logback-classic/1.2.3/logback-classic-1.2.3.jar:/Users/jeanette.pranin@ibm.com/.m2/repository/ch/qos/logback/logback-core/1.2.3/logback-core-1.2.3.jar:/Users/jeanette.pranin@ibm.com/.m2/repository/org/apache/logging/log4j/log4j-to-slf4j/2.10.0/log4j-to-slf4j-2.10.0.jar:/Users/jeanette.pranin@ibm.com/.m2/repository/org/apache/logging/log4j/log4j-api/2.10.0/log4j-api-2.10.0.jar:/Users/jeanette.pranin@ibm.com/.m2/repository/org/slf4j/jul-to-slf4j/1.7.25/jul-to-slf4j-1.7.25.jar:/Users/jeanette.pranin@ibm.com/.m2/repository/javax/annotation/javax.annotation-api/1.3.2/javax.annotation-api-1.3.2.jar:/Users/jeanette.pranin@ibm.com/.m2/repository/org/yaml/snakeyaml/1.19/snakeyaml-1.19.jar:/Users/jeanette.pranin@ibm.com/.m2/repository/org/springframework/boot/spring-boot-starter-json/2.0.3.RELEASE/spring-boot-starter-json-2.0.3.RELEASE.jar:/Users/jeanette.pranin@ibm.com/.m2/repository/com/fasterxml/jackson/core/jackson-databind/2.9.3/jackson-databind-2.9.3.jar:/Users/jeanette.pranin@ibm.com/.m2/repository/com/fasterxml/jackson/core/jackson-annotations/2.9.0/jackson-annotations-2.9.0.jar:/Users/jeanette.pranin@ibm.com/.m2/repository/com/fasterxml/jackson/core/jackson-core/2.9.3/jackson-core-2.9.3.jar:/Users/jeanette.pranin@ibm.com/.m2/repository/com/fasterxml/jackson/datatype/jackson-datatype-jdk8/2.9.3/jackson-datatype-jdk8-2.9.3.jar:/Users/jeanette.pranin@ibm.com/.m2/repository/com/fasterxml/jackson/datatype/jackson-datatype-jsr310/2.9.3/jackson-datatype-jsr310-2.9.3.jar:/Users/jeanette.pranin@ibm.com/.m2/repository/com/fasterxml/jackson/module/jackson-module-parameter-names/2.9.3/jackson-module-parameter-names-2.9.3.jar:/Users/jeanette.pranin@ibm.com/.m2/repository/org/springframework/boot/spring-boot-starter-tomcat/2.0.3.RELEASE/spring-boot-starter-tomcat-2.0.3.RELEASE.jar:/Users/jeanette.pranin@ibm.com/.m2/repository/org/apache/tomcat/embed/tomcat-embed-core/8.5.31/tomcat-embed-core-8.5.31.jar:/Users/jeanette.pranin@ibm.com/.m2/repository/org/apache/tomcat/embed/tomcat-embed-el/8.5.31/tomcat-embed-el-8.5.31.jar:/Users/jeanette.pranin@ibm.com/.m2/repository/org/apache/tomcat/embed/tomcat-embed-websocket/8.5.31/tomcat-embed-websocket-8.5.31.jar:/Users/jeanette.pranin@ibm.com/.m2/repository/org/hibernate/validator/hibernate-validator/6.0.10.Final/hibernate-validator-6.0.10.Final.jar:/Users/jeanette.pranin@ibm.com/.m2/repository/javax/validation/validation-api/2.0.1.Final/validation-api-2.0.1.Final.jar:/Users/jeanette.pranin@ibm.com/.m2/repository/org/jboss/logging/jboss-logging/3.3.2.Final/jboss-logging-3.3.2.Final.jar:/Users/jeanette.pranin@ibm.com/.m2/repository/com/fasterxml/classmate/1.3.4/classmate-1.3.4.jar:/Users/jeanette.pranin@ibm.com/.m2/repository/org/springframework/spring-web/5.0.7.RELEASE/spring-web-5.0.7.RELEASE.jar:/Users/jeanette.pranin@ibm.com/.m2/repository/org/springframework/spring-beans/5.0.7.RELEASE/spring-beans-5.0.7.RELEASE.jar:/Users/jeanette.pranin@ibm.com/.m2/repository/org/springframework/spring-webmvc/5.0.7.RELEASE/spring-webmvc-5.0.7.RELEASE.jar:/Users/jeanette.pranin@ibm.com/.m2/repository/org/springframework/spring-aop/5.0.7.RELEASE/spring-aop-5.0.7.RELEASE.jar:/Users/jeanette.pranin@ibm.com/.m2/repository/org/springframework/spring-context/5.0.7.RELEASE/spring-context-5.0.7.RELEASE.jar:/Users/jeanette.pranin@ibm.com/.m2/repository/org/springframework/spring-expression/5.0.7.RELEASE/spring-expression-5.0.7.RELEASE.jar:/Users/jeanette.pranin@ibm.com/.m2/repository/org/springframework/boot/spring-boot-starter-webflux/2.0.3.RELEASE/spring-boot-starter-webflux-2.0.3.RELEASE.jar:/Users/jeanette.pranin@ibm.com/.m2/repository/org/springframework/boot/spring-boot-starter-reactor-netty/2.0.3.RELEASE/spring-boot-starter-reactor-netty-2.0.3.RELEASE.jar:/Users/jeanette.pranin@ibm.com/.m2/repository/io/projectreactor/ipc/reactor-netty/0.7.8.RELEASE/reactor-netty-0.7.8.RELEASE.jar:/Users/jeanette.pranin@ibm.com/.m2/repository/io/netty/netty-codec-http/4.1.25.Final/netty-codec-http-4.1.25.Final.jar:/Users/jeanette.pranin@ibm.com/.m2/repository/io/netty/netty-codec/4.1.25.Final/netty-codec-4.1.25.Final.jar:/Users/jeanette.pranin@ibm.com/.m2/repository/io/netty/netty-handler/4.1.25.Final/netty-handler-4.1.25.Final.jar:/Users/jeanette.pranin@ibm.com/.m2/repository/io/netty/netty-buffer/4.1.25.Final/netty-buffer-4.1.25.Final.jar:/Users/jeanette.pranin@ibm.com/.m2/repository/io/netty/netty-transport/4.1.25.Final/netty-transport-4.1.25.Final.jar:/Users/jeanette.pranin@ibm.com/.m2/repository/io/netty/netty-resolver/4.1.25.Final/netty-resolver-4.1.25.Final.jar:/Users/jeanette.pranin@ibm.com/.m2/repository/io/netty/netty-handler-proxy/4.1.25.Final/netty-handler-proxy-4.1.25.Final.jar:/Users/jeanette.pranin@ibm.com/.m2/repository/io/netty/netty-codec-socks/4.1.25.Final/netty-codec-socks-4.1.25.Final.jar:/Users/jeanette.pranin@ibm.com/.m2/repository/io/netty/netty-transport-native-epoll/4.1.25.Final/netty-transport-native-epoll-4.1.25.Final-linux-x86_64.jar:/Users/jeanette.pranin@ibm.com/.m2/repository/io/netty/netty-common/4.1.25.Final/netty-common-4.1.25.Final.jar:/Users/jeanette.pranin@ibm.com/.m2/repository/io/netty/netty-transport-native-unix-common/4.1.25.Final/netty-transport-native-unix-common-4.1.25.Final.jar:/Users/jeanette.pranin@ibm.com/.m2/repository/org/springframework/spring-webflux/5.0.7.RELEASE/spring-webflux-5.0.7.RELEASE.jar:/Users/jeanette.pranin@ibm.com/.m2/repository/org/synchronoss/cloud/nio-multipart-parser/1.1.0/nio-multipart-parser-1.1.0.jar:/Users/jeanette.pranin@ibm.com/.m2/repository/org/synchronoss/cloud/nio-stream-storage/1.1.3/nio-stream-storage-1.1.3.jar:/Users/jeanette.pranin@ibm.com/.m2/repository/org/springframework/cloud/spring-cloud-cloudfoundry-discovery/2.0.0.RC1/spring-cloud-cloudfoundry-discovery-2.0.0.RC1.jar:/Users/jeanette.pranin@ibm.com/.m2/repository/org/springframework/cloud/spring-cloud-cloudfoundry-commons/2.0.0.RC1/spring-cloud-cloudfoundry-commons-2.0.0.RC1.jar:/Users/jeanette.pranin@ibm.com/.m2/repository/org/cloudfoundry/cloudfoundry-client-reactor/3.9.0.RELEASE/cloudfoundry-client-reactor-3.9.0.RELEASE.jar:/Users/jeanette.pranin@ibm.com/.m2/repository/com/github/zafarkhaja/java-semver/0.9.0/java-semver-0.9.0.jar:/Users/jeanette.pranin@ibm.com/.m2/repository/io/jsonwebtoken/jjwt/0.9.0/jjwt-0.9.0.jar:/Users/jeanette.pranin@ibm.com/.m2/repository/org/cloudfoundry/cloudfoundry-client/3.9.0.RELEASE/cloudfoundry-client-3.9.0.RELEASE.jar:/Users/jeanette.pranin@ibm.com/.m2/repository/com/squareup/wire/wire-runtime/2.2.0/wire-runtime-2.2.0.jar:/Users/jeanette.pranin@ibm.com/.m2/repository/com/squareup/okio/okio/1.8.0/okio-1.8.0.jar:/Users/jeanette.pranin@ibm.com/.m2/repository/org/slf4j/jcl-over-slf4j/1.7.25/jcl-over-slf4j-1.7.25.jar:/Users/jeanette.pranin@ibm.com/.m2/repository/org/cloudfoundry/cloudfoundry-operations/3.9.0.RELEASE/cloudfoundry-operations-3.9.0.RELEASE.jar:/Users/jeanette.pranin@ibm.com/.m2/repository/org/cloudfoundry/cloudfoundry-util/3.9.0.RELEASE/cloudfoundry-util-3.9.0.RELEASE.jar:/Users/jeanette.pranin@ibm.com/.m2/repository/org/apache/commons/commons-compress/1.16.1/commons-compress-1.16.1.jar:/Users/jeanette.pranin@ibm.com/.m2/repository/org/atteo/evo-inflector/1.2.2/evo-inflector-1.2.2.jar:/Users/jeanette.pranin@ibm.com/.m2/repository/org/springframework/cloud/spring-cloud-context/2.0.0.RC2/spring-cloud-context-2.0.0.RC2.jar:/Users/jeanette.pranin@ibm.com/.m2/repository/org/springframework/security/spring-security-crypto/5.0.6.RELEASE/spring-security-crypto-5.0.6.RELEASE.jar:/Users/jeanette.pranin@ibm.com/.m2/repository/org/springframework/cloud/spring-cloud-commons/2.0.0.RC2/spring-cloud-commons-2.0.0.RC2.jar:/Users/jeanette.pranin@ibm.com/.m2/repository/org/jsondoc/jsondoc-core/1.2.19/jsondoc-core-1.2.19.jar:/Users/jeanette.pranin@ibm.com/.m2/repository/org/reflections/reflections/0.9.10/reflections-0.9.10.jar:/Users/jeanette.pranin@ibm.com/.m2/repository/com/google/guava/guava/15.0/guava-15.0.jar:/Users/jeanette.pranin@ibm.com/.m2/repository/org/javassist/javassist/3.19.0-GA/javassist-3.19.0-GA.jar:/Users/jeanette.pranin@ibm.com/.m2/repository/com/google/code/findbugs/annotations/2.0.1/annotations-2.0.1.jar:/Users/jeanette.pranin@ibm.com/.m2/repository/org/slf4j/slf4j-api/1.7.25/slf4j-api-1.7.25.jar:/Users/jeanette.pranin@ibm.com/.m2/repository/org/springframework/boot/spring-boot-devtools/2.0.3.RELEASE/spring-boot-devtools-2.0.3.RELEASE.jar:/Users/jeanette.pranin@ibm.com/.m2/repository/org/springframework/boot/spring-boot/2.0.3.RELEASE/spring-boot-2.0.3.RELEASE.jar:/Users/jeanette.pranin@ibm.com/.m2/repository/org/springframework/boot/spring-boot-autoconfigure/2.0.3.RELEASE/spring-boot-autoconfigure-2.0.3.RELEASE.jar:/Users/jeanette.pranin@ibm.com/.m2/repository/org/springframework/boot/spring-boot-starter-test/2.0.3.RELEASE/spring-boot-starter-test-2.0.3.RELEASE.jar:/Users/jeanette.pranin@ibm.com/.m2/repository/org/springframework/boot/spring-boot-test/2.0.3.RELEASE/spring-boot-test-2.0.3.RELEASE.jar:/Users/jeanette.pranin@ibm.com/.m2/repository/org/springframework/boot/spring-boot-test-autoconfigure/2.0.3.RELEASE/spring-boot-test-autoconfigure-2.0.3.RELEASE.jar:/Users/jeanette.pranin@ibm.com/.m2/repository/com/jayway/jsonpath/json-path/2.4.0/json-path-2.4.0.jar:/Users/jeanette.pranin@ibm.com/.m2/repository/net/minidev/json-smart/2.3/json-smart-2.3.jar:/Users/jeanette.pranin@ibm.com/.m2/repository/net/minidev/accessors-smart/1.2/accessors-smart-1.2.jar:/Users/jeanette.pranin@ibm.com/.m2/repository/org/ow2/asm/asm/5.0.4/asm-5.0.4.jar:/Users/jeanette.pranin@ibm.com/.m2/repository/junit/junit/4.12/junit-4.12.jar:/Users/jeanette.pranin@ibm.com/.m2/repository/org/assertj/assertj-core/3.9.1/assertj-core-3.9.1.jar:/Users/jeanette.pranin@ibm.com/.m2/repository/org/mockito/mockito-core/2.15.0/mockito-core-2.15.0.jar:/Users/jeanette.pranin@ibm.com/.m2/repository/net/bytebuddy/byte-buddy/1.7.11/byte-buddy-1.7.11.jar:/Users/jeanette.pranin@ibm.com/.m2/repository/net/bytebuddy/byte-buddy-agent/1.7.11/byte-buddy-agent-1.7.11.jar:/Users/jeanette.pranin@ibm.com/.m2/repository/org/objenesis/objenesis/2.6/objenesis-2.6.jar:/Users/jeanette.pranin@ibm.com/.m2/repository/org/hamcrest/hamcrest-core/1.3/hamcrest-core-1.3.jar:/Users/jeanette.pranin@ibm.com/.m2/repository/org/hamcrest/hamcrest-library/1.3/hamcrest-library-1.3.jar:/Users/jeanette.pranin@ibm.com/.m2/repository/org/skyscreamer/jsonassert/1.5.0/jsonassert-1.5.0.jar:/Users/jeanette.pranin@ibm.com/.m2/repository/com/vaadin/external/google/android-json/0.0.20131108.vaadin1/android-json-0.0.20131108.vaadin1.jar:/Users/jeanette.pranin@ibm.com/.m2/repository/org/springframework/spring-core/5.0.7.RELEASE/spring-core-5.0.7.RELEASE.jar:/Users/jeanette.pranin@ibm.com/.m2/repository/org/springframework/spring-jcl/5.0.7.RELEASE/spring-jcl-5.0.7.RELEASE.jar:/Users/jeanette.pranin@ibm.com/.m2/repository/org/springframework/spring-test/5.0.7.RELEASE/spring-test-5.0.7.RELEASE.jar:/Users/jeanette.pranin@ibm.com/.m2/repository/org/xmlunit/xmlunit-core/2.5.1/xmlunit-core-2.5.1.jar:/Users/jeanette.pranin@ibm.com/.m2/repository/io/projectreactor/reactor-test/3.1.8.RELEASE/reactor-test-3.1.8.RELEASE.jar:/Users/jeanette.pranin@ibm.com/.m2/repository/io/projectreactor/reactor-core/3.1.8.RELEASE/reactor-core-3.1.8.RELEASE.jar:/Users/jeanette.pranin@ibm.com/.m2/repository/org/reactivestreams/reactive-streams/1.0.2/reactive-streams-1.0.2.jar:"/>
    <property name="java.vm.vendor" value="&quot;Oracle Corporation&quot;"/>
    <property name="sun.arch.data.model" value="64"/>
    <property name="java.vendor.url" value="http://java.oracle.com/"/>
    <property name="user.timezone" value=""/>
    <property name="java.vm.specification.version" value="10"/>
    <property name="os.name" value="Mac OS X"/>
    <property name="sun.java.launcher" value="SUN_STANDARD"/>
    <property name="user.country" value="US"/>
    <property name="sun.boot.library.path" value="/Library/Java/JavaVirtualMachines/jdk-10.0.1.jdk/Contents/Home/lib"/>
    <property name="sun.java.command" value="/Users/jeanette.pranin@ibm.com/Desktop/JavaSpringBoot/springbootstarter-calculator/target/surefire/surefirebooter6434860341152537660.jar /Users/jeanette.pranin@ibm.com/Desktop/JavaSpringBoot/springbootstarter-calculator/target/surefire 2018-06-19T14-56-57_578-jvmRun1 surefire6241318935195520930tmp surefire_0619573214292511812tmp"/>
    <property name="jdk.debug" value="release"/>
    <property name="surefire.test.class.path" value="/Users/jeanette.pranin@ibm.com/Desktop/JavaSpringBoot/springbootstarter-calculator/target/test-classes:/Users/jeanette.pranin@ibm.com/Desktop/JavaSpringBoot/springbootstarter-calculator/target/classes:/Users/jeanette.pranin@ibm.com/.m2/repository/org/springframework/boot/spring-boot-starter-web/2.0.3.RELEASE/spring-boot-starter-web-2.0.3.RELEASE.jar:/Users/jeanette.pranin@ibm.com/.m2/repository/org/springframework/boot/spring-boot-starter/2.0.3.RELEASE/spring-boot-starter-2.0.3.RELEASE.jar:/Users/jeanette.pranin@ibm.com/.m2/repository/org/springframework/boot/spring-boot-starter-logging/2.0.3.RELEASE/spring-boot-starter-logging-2.0.3.RELEASE.jar:/Users/jeanette.pranin@ibm.com/.m2/repository/ch/qos/logback/logback-classic/1.2.3/logback-classic-1.2.3.jar:/Users/jeanette.pranin@ibm.com/.m2/repository/ch/qos/logback/logback-core/1.2.3/logback-core-1.2.3.jar:/Users/jeanette.pranin@ibm.com/.m2/repository/org/apache/logging/log4j/log4j-to-slf4j/2.10.0/log4j-to-slf4j-2.10.0.jar:/Users/jeanette.pranin@ibm.com/.m2/repository/org/apache/logging/log4j/log4j-api/2.10.0/log4j-api-2.10.0.jar:/Users/jeanette.pranin@ibm.com/.m2/repository/org/slf4j/jul-to-slf4j/1.7.25/jul-to-slf4j-1.7.25.jar:/Users/jeanette.pranin@ibm.com/.m2/repository/javax/annotation/javax.annotation-api/1.3.2/javax.annotation-api-1.3.2.jar:/Users/jeanette.pranin@ibm.com/.m2/repository/org/yaml/snakeyaml/1.19/snakeyaml-1.19.jar:/Users/jeanette.pranin@ibm.com/.m2/repository/org/springframework/boot/spring-boot-starter-json/2.0.3.RELEASE/spring-boot-starter-json-2.0.3.RELEASE.jar:/Users/jeanette.pranin@ibm.com/.m2/repository/com/fasterxml/jackson/core/jackson-databind/2.9.3/jackson-databind-2.9.3.jar:/Users/jeanette.pranin@ibm.com/.m2/repository/com/fasterxml/jackson/core/jackson-annotations/2.9.0/jackson-annotations-2.9.0.jar:/Users/jeanette.pranin@ibm.com/.m2/repository/com/fasterxml/jackson/core/jackson-core/2.9.3/jackson-core-2.9.3.jar:/Users/jeanette.pranin@ibm.com/.m2/repository/com/fasterxml/jackson/datatype/jackson-datatype-jdk8/2.9.3/jackson-datatype-jdk8-2.9.3.jar:/Users/jeanette.pranin@ibm.com/.m2/repository/com/fasterxml/jackson/datatype/jackson-datatype-jsr310/2.9.3/jackson-datatype-jsr310-2.9.3.jar:/Users/jeanette.pranin@ibm.com/.m2/repository/com/fasterxml/jackson/module/jackson-module-parameter-names/2.9.3/jackson-module-parameter-names-2.9.3.jar:/Users/jeanette.pranin@ibm.com/.m2/repository/org/springframework/boot/spring-boot-starter-tomcat/2.0.3.RELEASE/spring-boot-starter-tomcat-2.0.3.RELEASE.jar:/Users/jeanette.pranin@ibm.com/.m2/repository/org/apache/tomcat/embed/tomcat-embed-core/8.5.31/tomcat-embed-core-8.5.31.jar:/Users/jeanette.pranin@ibm.com/.m2/repository/org/apache/tomcat/embed/tomcat-embed-el/8.5.31/tomcat-embed-el-8.5.31.jar:/Users/jeanette.pranin@ibm.com/.m2/repository/org/apache/tomcat/embed/tomcat-embed-websocket/8.5.31/tomcat-embed-websocket-8.5.31.jar:/Users/jeanette.pranin@ibm.com/.m2/repository/org/hibernate/validator/hibernate-validator/6.0.10.Final/hibernate-validator-6.0.10.Final.jar:/Users/jeanette.pranin@ibm.com/.m2/repository/javax/validation/validation-api/2.0.1.Final/validation-api-2.0.1.Final.jar:/Users/jeanette.pranin@ibm.com/.m2/repository/org/jboss/logging/jboss-logging/3.3.2.Final/jboss-logging-3.3.2.Final.jar:/Users/jeanette.pranin@ibm.com/.m2/repository/com/fasterxml/classmate/1.3.4/classmate-1.3.4.jar:/Users/jeanette.pranin@ibm.com/.m2/repository/org/springframework/spring-web/5.0.7.RELEASE/spring-web-5.0.7.RELEASE.jar:/Users/jeanette.pranin@ibm.com/.m2/repository/org/springframework/spring-beans/5.0.7.RELEASE/spring-beans-5.0.7.RELEASE.jar:/Users/jeanette.pranin@ibm.com/.m2/repository/org/springframework/spring-webmvc/5.0.7.RELEASE/spring-webmvc-5.0.7.RELEASE.jar:/Users/jeanette.pranin@ibm.com/.m2/repository/org/springframework/spring-aop/5.0.7.RELEASE/spring-aop-5.0.7.RELEASE.jar:/Users/jeanette.pranin@ibm.com/.m2/repository/org/springframework/spring-context/5.0.7.RELEASE/spring-context-5.0.7.RELEASE.jar:/Users/jeanette.pranin@ibm.com/.m2/repository/org/springframework/spring-expression/5.0.7.RELEASE/spring-expression-5.0.7.RELEASE.jar:/Users/jeanette.pranin@ibm.com/.m2/repository/org/springframework/boot/spring-boot-starter-webflux/2.0.3.RELEASE/spring-boot-starter-webflux-2.0.3.RELEASE.jar:/Users/jeanette.pranin@ibm.com/.m2/repository/org/springframework/boot/spring-boot-starter-reactor-netty/2.0.3.RELEASE/spring-boot-starter-reactor-netty-2.0.3.RELEASE.jar:/Users/jeanette.pranin@ibm.com/.m2/repository/io/projectreactor/ipc/reactor-netty/0.7.8.RELEASE/reactor-netty-0.7.8.RELEASE.jar:/Users/jeanette.pranin@ibm.com/.m2/repository/io/netty/netty-codec-http/4.1.25.Final/netty-codec-http-4.1.25.Final.jar:/Users/jeanette.pranin@ibm.com/.m2/repository/io/netty/netty-codec/4.1.25.Final/netty-codec-4.1.25.Final.jar:/Users/jeanette.pranin@ibm.com/.m2/repository/io/netty/netty-handler/4.1.25.Final/netty-handler-4.1.25.Final.jar:/Users/jeanette.pranin@ibm.com/.m2/repository/io/netty/netty-buffer/4.1.25.Final/netty-buffer-4.1.25.Final.jar:/Users/jeanette.pranin@ibm.com/.m2/repository/io/netty/netty-transport/4.1.25.Final/netty-transport-4.1.25.Final.jar:/Users/jeanette.pranin@ibm.com/.m2/repository/io/netty/netty-resolver/4.1.25.Final/netty-resolver-4.1.25.Final.jar:/Users/jeanette.pranin@ibm.com/.m2/repository/io/netty/netty-handler-proxy/4.1.25.Final/netty-handler-proxy-4.1.25.Final.jar:/Users/jeanette.pranin@ibm.com/.m2/repository/io/netty/netty-codec-socks/4.1.25.Final/netty-codec-socks-4.1.25.Final.jar:/Users/jeanette.pranin@ibm.com/.m2/repository/io/netty/netty-transport-native-epoll/4.1.25.Final/netty-transport-native-epoll-4.1.25.Final-linux-x86_64.jar:/Users/jeanette.pranin@ibm.com/.m2/repository/io/netty/netty-common/4.1.25.Final/netty-common-4.1.25.Final.jar:/Users/jeanette.pranin@ibm.com/.m2/repository/io/netty/netty-transport-native-unix-common/4.1.25.Final/netty-transport-native-unix-common-4.1.25.Final.jar:/Users/jeanette.pranin@ibm.com/.m2/repository/org/springframework/spring-webflux/5.0.7.RELEASE/spring-webflux-5.0.7.RELEASE.jar:/Users/jeanette.pranin@ibm.com/.m2/repository/org/synchronoss/cloud/nio-multipart-parser/1.1.0/nio-multipart-parser-1.1.0.jar:/Users/jeanette.pranin@ibm.com/.m2/repository/org/synchronoss/cloud/nio-stream-storage/1.1.3/nio-stream-storage-1.1.3.jar:/Users/jeanette.pranin@ibm.com/.m2/repository/org/springframework/cloud/spring-cloud-cloudfoundry-discovery/2.0.0.RC1/spring-cloud-cloudfoundry-discovery-2.0.0.RC1.jar:/Users/jeanette.pranin@ibm.com/.m2/repository/org/springframework/cloud/spring-cloud-cloudfoundry-commons/2.0.0.RC1/spring-cloud-cloudfoundry-commons-2.0.0.RC1.jar:/Users/jeanette.pranin@ibm.com/.m2/repository/org/cloudfoundry/cloudfoundry-client-reactor/3.9.0.RELEASE/cloudfoundry-client-reactor-3.9.0.RELEASE.jar:/Users/jeanette.pranin@ibm.com/.m2/repository/com/github/zafarkhaja/java-semver/0.9.0/java-semver-0.9.0.jar:/Users/jeanette.pranin@ibm.com/.m2/repository/io/jsonwebtoken/jjwt/0.9.0/jjwt-0.9.0.jar:/Users/jeanette.pranin@ibm.com/.m2/repository/org/cloudfoundry/cloudfoundry-client/3.9.0.RELEASE/cloudfoundry-client-3.9.0.RELEASE.jar:/Users/jeanette.pranin@ibm.com/.m2/repository/com/squareup/wire/wire-runtime/2.2.0/wire-runtime-2.2.0.jar:/Users/jeanette.pranin@ibm.com/.m2/repository/com/squareup/okio/okio/1.8.0/okio-1.8.0.jar:/Users/jeanette.pranin@ibm.com/.m2/repository/org/slf4j/jcl-over-slf4j/1.7.25/jcl-over-slf4j-1.7.25.jar:/Users/jeanette.pranin@ibm.com/.m2/repository/org/cloudfoundry/cloudfoundry-operations/3.9.0.RELEASE/cloudfoundry-operations-3.9.0.RELEASE.jar:/Users/jeanette.pranin@ibm.com/.m2/repository/org/cloudfoundry/cloudfoundry-util/3.9.0.RELEASE/cloudfoundry-util-3.9.0.RELEASE.jar:/Users/jeanette.pranin@ibm.com/.m2/repository/org/apache/commons/commons-compress/1.16.1/commons-compress-1.16.1.jar:/Users/jeanette.pranin@ibm.com/.m2/repository/org/atteo/evo-inflector/1.2.2/evo-inflector-1.2.2.jar:/Users/jeanette.pranin@ibm.com/.m2/repository/org/springframework/cloud/spring-cloud-context/2.0.0.RC2/spring-cloud-context-2.0.0.RC2.jar:/Users/jeanette.pranin@ibm.com/.m2/repository/org/springframework/security/spring-security-crypto/5.0.6.RELEASE/spring-security-crypto-5.0.6.RELEASE.jar:/Users/jeanette.pranin@ibm.com/.m2/repository/org/springframework/cloud/spring-cloud-commons/2.0.0.RC2/spring-cloud-commons-2.0.0.RC2.jar:/Users/jeanette.pranin@ibm.com/.m2/repository/org/jsondoc/jsondoc-core/1.2.19/jsondoc-core-1.2.19.jar:/Users/jeanette.pranin@ibm.com/.m2/repository/org/reflections/reflections/0.9.10/reflections-0.9.10.jar:/Users/jeanette.pranin@ibm.com/.m2/repository/com/google/guava/guava/15.0/guava-15.0.jar:/Users/jeanette.pranin@ibm.com/.m2/repository/org/javassist/javassist/3.19.0-GA/javassist-3.19.0-GA.jar:/Users/jeanette.pranin@ibm.com/.m2/repository/com/google/code/findbugs/annotations/2.0.1/annotations-2.0.1.jar:/Users/jeanette.pranin@ibm.com/.m2/repository/org/slf4j/slf4j-api/1.7.25/slf4j-api-1.7.25.jar:/Users/jeanette.pranin@ibm.com/.m2/repository/org/springframework/boot/spring-boot-devtools/2.0.3.RELEASE/spring-boot-devtools-2.0.3.RELEASE.jar:/Users/jeanette.pranin@ibm.com/.m2/repository/org/springframework/boot/spring-boot/2.0.3.RELEASE/spring-boot-2.0.3.RELEASE.jar:/Users/jeanette.pranin@ibm.com/.m2/repository/org/springframework/boot/spring-boot-autoconfigure/2.0.3.RELEASE/spring-boot-autoconfigure-2.0.3.RELEASE.jar:/Users/jeanette.pranin@ibm.com/.m2/repository/org/springframework/boot/spring-boot-starter-test/2.0.3.RELEASE/spring-boot-starter-test-2.0.3.RELEASE.jar:/Users/jeanette.pranin@ibm.com/.m2/repository/org/springframework/boot/spring-boot-test/2.0.3.RELEASE/spring-boot-test-2.0.3.RELEASE.jar:/Users/jeanette.pranin@ibm.com/.m2/repository/org/springframework/boot/spring-boot-test-autoconfigure/2.0.3.RELEASE/spring-boot-test-autoconfigure-2.0.3.RELEASE.jar:/Users/jeanette.pranin@ibm.com/.m2/repository/com/jayway/jsonpath/json-path/2.4.0/json-path-2.4.0.jar:/Users/jeanette.pranin@ibm.com/.m2/repository/net/minidev/json-smart/2.3/json-smart-2.3.jar:/Users/jeanette.pranin@ibm.com/.m2/repository/net/minidev/accessors-smart/1.2/accessors-smart-1.2.jar:/Users/jeanette.pranin@ibm.com/.m2/repository/org/ow2/asm/asm/5.0.4/asm-5.0.4.jar:/Users/jeanette.pranin@ibm.com/.m2/repository/junit/junit/4.12/junit-4.12.jar:/Users/jeanette.pranin@ibm.com/.m2/repository/org/assertj/assertj-core/3.9.1/assertj-core-3.9.1.jar:/Users/jeanette.pranin@ibm.com/.m2/repository/org/mockito/mockito-core/2.15.0/mockito-core-2.15.0.jar:/Users/jeanette.pranin@ibm.com/.m2/repository/net/bytebuddy/byte-buddy/1.7.11/byte-buddy-1.7.11.jar:/Users/jeanette.pranin@ibm.com/.m2/repository/net/bytebuddy/byte-buddy-agent/1.7.11/byte-buddy-agent-1.7.11.jar:/Users/jeanette.pranin@ibm.com/.m2/repository/org/objenesis/objenesis/2.6/objenesis-2.6.jar:/Users/jeanette.pranin@ibm.com/.m2/repository/org/hamcrest/hamcrest-core/1.3/hamcrest-core-1.3.jar:/Users/jeanette.pranin@ibm.com/.m2/repository/org/hamcrest/hamcrest-library/1.3/hamcrest-library-1.3.jar:/Users/jeanette.pranin@ibm.com/.m2/repository/org/skyscreamer/jsonassert/1.5.0/jsonassert-1.5.0.jar:/Users/jeanette.pranin@ibm.com/.m2/repository/com/vaadin/external/google/android-json/0.0.20131108.vaadin1/android-json-0.0.20131108.vaadin1.jar:/Users/jeanette.pranin@ibm.com/.m2/repository/org/springframework/spring-core/5.0.7.RELEASE/spring-core-5.0.7.RELEASE.jar:/Users/jeanette.pranin@ibm.com/.m2/repository/org/springframework/spring-jcl/5.0.7.RELEASE/spring-jcl-5.0.7.RELEASE.jar:/Users/jeanette.pranin@ibm.com/.m2/repository/org/springframework/spring-test/5.0.7.RELEASE/spring-test-5.0.7.RELEASE.jar:/Users/jeanette.pranin@ibm.com/.m2/repository/org/xmlunit/xmlunit-core/2.5.1/xmlunit-core-2.5.1.jar:/Users/jeanette.pranin@ibm.com/.m2/repository/io/projectreactor/reactor-test/3.1.8.RELEASE/reactor-test-3.1.8.RELEASE.jar:/Users/jeanette.pranin@ibm.com/.m2/repository/io/projectreactor/reactor-core/3.1.8.RELEASE/reactor-core-3.1.8.RELEASE.jar:/Users/jeanette.pranin@ibm.com/.m2/repository/org/reactivestreams/reactive-streams/1.0.2/reactive-streams-1.0.2.jar:"/>
    <property name="sun.cpu.endian" value="little"/>
    <property name="user.home" value="/Users/jeanette.pranin@ibm.com"/>
    <property name="user.language" value="en"/>
    <property name="java.specification.vendor" value="Oracle Corporation"/>
    <property name="java.version.date" value="2018-04-17"/>
    <property name="java.home" value="/Library/Java/JavaVirtualMachines/jdk-10.0.1.jdk/Contents/Home"/>
    <property name="file.separator" value="/"/>
    <property name="basedir" value="/Users/jeanette.pranin@ibm.com/Desktop/JavaSpringBoot/springbootstarter-calculator"/>
    <property name="java.vm.compressedOopsMode" value="Zero based"/>
    <property name="line.separator" value="&#10;"/>
    <property name="java.specification.name" value="Java Platform API Specification"/>
    <property name="java.vm.specification.vendor" value="Oracle Corporation"/>
    <property name="java.awt.graphicsenv" value="sun.awt.CGraphicsEnvironment"/>
    <property name="surefire.real.class.path" value="/Users/jeanette.pranin@ibm.com/Desktop/JavaSpringBoot/springbootstarter-calculator/target/surefire/surefirebooter6434860341152537660.jar"/>
    <property name="sun.management.compiler" value="HotSpot 64-Bit Tiered Compilers"/>
    <property name="java.runtime.version" value="10.0.1+10"/>
    <property name="user.name" value="jeanette.pranin@ibm.com"/>
    <property name="path.separator" value=":"/>
    <property name="os.version" value="10.13.5"/>
    <property name="java.runtime.name" value="Java(TM) SE Runtime Environment"/>
    <property name="file.encoding" value="UTF-8"/>
    <property name="java.vm.name" value="Java HotSpot(TM) 64-Bit Server VM"/>
    <property name="java.vendor.version" value="18.3"/>
    <property name="localRepository" value="/Users/jeanette.pranin@ibm.com/.m2/repository"/>
    <property name="java.vendor.url.bug" value="http://bugreport.java.com/bugreport/"/>
    <property name="java.io.tmpdir" value="/var/folders/3q/hh01pbdn3wg4_zgszk9j8jmh0000gn/T/"/>
    <property name="java.version" value="10.0.1"/>
    <property name="user.dir" value="/Users/jeanette.pranin@ibm.com/Desktop/JavaSpringBoot/springbootstarter-calculator"/>
    <property name="os.arch" value="x86_64"/>
    <property name="java.vm.specification.name" value="Java Virtual Machine Specification"/>
    <property name="java.awt.printerjob" value="sun.lwawt.macosx.CPrinterJob"/>
    <property name="sun.os.patch.level" value="unknown"/>
    <property name="java.library.path" value="/Users/jeanette.pranin@ibm.com/Library/Java/Extensions:/Library/Java/Extensions:/Network/Library/Java/Extensions:/System/Library/Java/Extensions:/usr/lib/java:."/>
    <property name="java.vendor" value="Oracle Corporation"/>
    <property name="java.vm.info" value="mixed mode"/>
    <property name="java.vm.version" value="10.0.1+10"/>
    <property name="sun.io.unicode.encoding" value="UnicodeBig"/>
    <property name="java.class.version" value="54.0"/>
  </properties>
  <testcase name="addTest1" classname="com.jpranin.calculator.CalculatorControllerTest" time="0.161"/>
  <testcase name="addTest2" classname="com.jpranin.calculator.CalculatorControllerTest" time="0.005"/>
  <testcase name="addTest3" classname="com.jpranin.calculator.CalculatorControllerTest" time="0.004"/>
  <testcase name="addTest4" classname="com.jpranin.calculator.CalculatorControllerTest" time="0.004"/>
  <testcase name="primeTest1" classname="com.jpranin.calculator.CalculatorControllerTest" time="0.02"/>
  <testcase name="primeTest2" classname="com.jpranin.calculator.CalculatorControllerTest" time="0.008"/>
  <testcase name="primeTest3" classname="com.jpranin.calculator.CalculatorControllerTest" time="0.007"/>
  <testcase name="primeTest4" classname="com.jpranin.calculator.CalculatorControllerTest" time="0.009"/>
  <testcase name="primeTest5" classname="com.jpranin.calculator.CalculatorControllerTest" time="0.007"/>
  <testcase name="primeTest6" classname="com.jpranin.calculator.CalculatorControllerTest" time="0.022"/>
  <testcase name="shouldReturnDefaultMessage" classname="com.jpranin.calculator.CalculatorControllerTest" time="0.006"/>
</testsuite>